<?xml version="1.0" encoding="UTF-8"?>
<coverage generated="1603609727822" clover="3.2.0">
  <project timestamp="1603609727822" name="All files">
    <metrics statements="12" coveredstatements="11" conditionals="2" coveredconditionals="2" methods="5" coveredmethods="4" elements="19" coveredelements="17" complexity="0" loc="12" ncloc="12" packages="1" files="2" classes="2"/>
    <file name="formHandler.js" path="/Users/sameh/Documents/code/FEND/fend/projects/evaluate-news-nlp/src/client/js/formHandler.js">
      <metrics statements="6" coveredstatements="5" conditionals="0" coveredconditionals="0" methods="4" coveredmethods="3"/>
      <line num="2" count="1" type="stmt"/>
      <line num="10" count="1" type="stmt"/>
      <line num="11" count="1" type="stmt"/>
      <line num="20" count="1" type="stmt"/>
      <line num="23" count="1" type="stmt"/>
      <line num="24" count="0" type="stmt"/>
    </file>
    <file name="nameChecker.js" path="/Users/sameh/Documents/code/FEND/fend/projects/evaluate-news-nlp/src/client/js/nameChecker.js">
      <metrics statements="6" coveredstatements="6" conditionals="2" coveredconditionals="2" methods="1" coveredmethods="1"/>
      <line num="2" count="2" type="stmt"/>
      <line num="3" count="2" type="stmt"/>
      <line num="4" count="2" type="stmt"/>
      <line num="7" count="2" type="cond" truecount="2" falsecount="0"/>
      <line num="8" count="1" type="stmt"/>
      <line num="10" count="1" type="stmt"/>
    </file>
  </project>
</coverage>
