{"/Users/sameh/Documents/code/FEND/fend/projects/evaluate-news-nlp/src/client/js/formHandler.js": {"path":"/Users/sameh/Documents/code/FEND/fend/projects/evaluate-news-nlp/src/client/js/formHandler.js","statementMap":{"0":{"start":{"line":2,"column":20},"end":{"line":9,"column":5}},"1":{"start":{"line":10,"column":4},"end":{"line":10,"column":41}},"2":{"start":{"line":11,"column":4},"end":{"line":24,"column":39}},"3":{"start":{"line":20,"column":8},"end":{"line":20,"column":26}},"4":{"start":{"line":23,"column":8},"end":{"line":23,"column":80}},"5":{"start":{"line":24,"column":21},"end":{"line":24,"column":37}}},"fnMap":{"0":{"name":"handleSubmit","decl":{"start":{"line":1,"column":15},"end":{"line":1,"column":27}},"loc":{"start":{"line":1,"column":33},"end":{"line":25,"column":1}},"line":1},"1":{"name":"(anonymous_1)","decl":{"start":{"line":19,"column":10},"end":{"line":19,"column":11}},"loc":{"start":{"line":19,"column":24},"end":{"line":21,"column":5}},"line":19},"2":{"name":"(anonymous_2)","decl":{"start":{"line":22,"column":10},"end":{"line":22,"column":11}},"loc":{"start":{"line":22,"column":24},"end":{"line":24,"column":5}},"line":22},"3":{"name":"(anonymous_3)","decl":{"start":{"line":24,"column":13},"end":{"line":24,"column":14}},"loc":{"start":{"line":24,"column":21},"end":{"line":24,"column":37}},"line":24}},"branchMap":{},"s":{"0":1,"1":1,"2":1,"3":1,"4":1,"5":0},"f":{"0":1,"1":1,"2":1,"3":0},"b":{},"_coverageSchema":"1a1c01bbd47fc00a2c39e90264f33305004495a9","hash":"87171495b19ba3008304b356cb490d4c16957a63"}
,"/Users/sameh/Documents/code/FEND/fend/projects/evaluate-news-nlp/src/client/js/nameChecker.js": {"path":"/Users/sameh/Documents/code/FEND/fend/projects/evaluate-news-nlp/src/client/js/nameChecker.js","statementMap":{"0":{"start":{"line":2,"column":4},"end":{"line":2,"column":58}},"1":{"start":{"line":3,"column":21},"end":{"line":3,"column":104}},"2":{"start":{"line":4,"column":16},"end":{"line":4,"column":38}},"3":{"start":{"line":7,"column":4},"end":{"line":11,"column":7}},"4":{"start":{"line":8,"column":8},"end":{"line":8,"column":20}},"5":{"start":{"line":10,"column":8},"end":{"line":10,"column":21}}},"fnMap":{"0":{"name":"checkForUrl","decl":{"start":{"line":1,"column":9},"end":{"line":1,"column":20}},"loc":{"start":{"line":1,"column":32},"end":{"line":13,"column":1}},"line":1}},"branchMap":{"0":{"loc":{"start":{"line":7,"column":4},"end":{"line":11,"column":7}},"type":"if","locations":[{"start":{"line":7,"column":4},"end":{"line":11,"column":7}},{"start":{"line":7,"column":4},"end":{"line":11,"column":7}}],"line":7}},"s":{"0":2,"1":2,"2":2,"3":2,"4":1,"5":1},"f":{"0":2},"b":{"0":[1,1]},"_coverageSchema":"1a1c01bbd47fc00a2c39e90264f33305004495a9","hash":"a2f279b26a0c9249f302d5087ce867f85c047e06"}
}
